<?xml version="1.0" encoding="UTF-8"?>
<!-- Generated by org.testng.reporters.JUnitReportReporter -->
<testsuite hostname="DESKTOP-FLPIPBS" failures="0" tests="6" name="testNGFramework.TestCaseScripts" time="21.060" errors="0" timestamp="2021-06-20T16:11:54 CDT" skipped="1">
  <testcase classname="testNGFramework.TestCaseScripts" name="testcase1" time="8.140"/>
  <system-out/>
  <testcase classname="testNGFramework.TestCaseScripts" name="testcase2" time="3.467"/>
  <system-out/>
  <testcase classname="testNGFramework.TestCaseScripts" name="testcase3" time="3.404"/>
  <system-out/>
  <testcase classname="testNGFramework.TestCaseScripts" name="testcase5" time="2.971"/>
  <system-out/>
  <testcase classname="testNGFramework.TestCaseScripts" name="testcase7" time="3.078"/>
  <system-out/>
  <testcase classname="testNGFramework.TestCaseScripts" name="testcase6">
    <skipped/>
  </testcase> <!-- testcase6 -->
  <system-out/>
</testsuite> <!-- testNGFramework.TestCaseScripts -->
