<?xml version="1.0" encoding="UTF-8"?>
<!-- Generated by org.testng.reporters.JUnitReportReporter -->
<testsuite hostname="DESKTOP-FLPIPBS" failures="0" tests="1" name="testNGFramework.RegistrationPrac" time="3.380" errors="0" timestamp="2021-06-20T16:11:54 CDT" skipped="0">
  <testcase classname="testNGFramework.RegistrationPrac" name="f" time="3.380"/>
  <system-out/>
</testsuite> <!-- testNGFramework.RegistrationPrac -->
