<?xml version="1.0" encoding="UTF-8"?>
<!-- Generated by org.testng.reporters.JUnitReportReporter -->
<testsuite hostname="DESKTOP-FLPIPBS" failures="0" tests="2" name="testNGFramework.CrossBrowser" time="11.335" errors="0" timestamp="2021-06-20T21:47:48 CDT" skipped="0">
  <testcase classname="testNGFramework.CrossBrowser" name="CrB" time="6.550"/>
  <system-out/>
  <testcase classname="testNGFramework.CrossBrowser" name="CrB" time="4.785"/>
  <system-out/>
</testsuite> <!-- testNGFramework.CrossBrowser -->
